Performing C SOURCE FILE Test CMAKE_HAVE_LIBC_PTHREAD failed with the following output:
Change Dir: /home/zjh/gym-gazebo/gym_gazebo/envs/installation/catkin_ws/build/CMakeFiles/CMakeTmp

Run Build Command(s):/usr/bin/make cmTC_94ee8/fast && /usr/bin/make -f CMakeFiles/cmTC_94ee8.dir/build.make CMakeFiles/cmTC_94ee8.dir/build
make[1]: 进入目录“/home/zjh/gym-gazebo/gym_gazebo/envs/installation/catkin_ws/build/CMakeFiles/CMakeTmp”
Building C object CMakeFiles/cmTC_94ee8.dir/src.c.o
/usr/bin/cc   -DCMAKE_HAVE_LIBC_PTHREAD   -o CMakeFiles/cmTC_94ee8.dir/src.c.o   -c /home/zjh/gym-gazebo/gym_gazebo/envs/installation/catkin_ws/build/CMakeFiles/CMakeTmp/src.c
Linking C executable cmTC_94ee8
/usr/bin/cmake -E cmake_link_script CMakeFiles/cmTC_94ee8.dir/link.txt --verbose=1
/usr/bin/cc  -DCMAKE_HAVE_LIBC_PTHREAD    -rdynamic CMakeFiles/cmTC_94ee8.dir/src.c.o  -o cmTC_94ee8 
/usr/bin/ld: CMakeFiles/cmTC_94ee8.dir/src.c.o: in function `main':
src.c:(.text+0x46): undefined reference to `pthread_create'
/usr/bin/ld: src.c:(.text+0x52): undefined reference to `pthread_detach'
/usr/bin/ld: src.c:(.text+0x63): undefined reference to `pthread_join'
collect2: error: ld returned 1 exit status
make[1]: *** [CMakeFiles/cmTC_94ee8.dir/build.make:87：cmTC_94ee8] 错误 1
make[1]: 离开目录“/home/zjh/gym-gazebo/gym_gazebo/envs/installation/catkin_ws/build/CMakeFiles/CMakeTmp”
make: *** [Makefile:121：cmTC_94ee8/fast] 错误 2


Source file was:
#include <pthread.h>

void* test_func(void* data)
{
  return data;
}

int main(void)
{
  pthread_t thread;
  pthread_create(&thread, NULL, test_func, NULL);
  pthread_detach(thread);
  pthread_join(thread, NULL);
  pthread_atfork(NULL, NULL, NULL);
  pthread_exit(NULL);

  return 0;
}

Determining if the function pthread_create exists in the pthreads failed with the following output:
Change Dir: /home/zjh/gym-gazebo/gym_gazebo/envs/installation/catkin_ws/build/CMakeFiles/CMakeTmp

Run Build Command(s):/usr/bin/make cmTC_b0630/fast && /usr/bin/make -f CMakeFiles/cmTC_b0630.dir/build.make CMakeFiles/cmTC_b0630.dir/build
make[1]: 进入目录“/home/zjh/gym-gazebo/gym_gazebo/envs/installation/catkin_ws/build/CMakeFiles/CMakeTmp”
Building C object CMakeFiles/cmTC_b0630.dir/CheckFunctionExists.c.o
/usr/bin/cc   -DCHECK_FUNCTION_EXISTS=pthread_create   -o CMakeFiles/cmTC_b0630.dir/CheckFunctionExists.c.o   -c /usr/share/cmake-3.16/Modules/CheckFunctionExists.c
Linking C executable cmTC_b0630
/usr/bin/cmake -E cmake_link_script CMakeFiles/cmTC_b0630.dir/link.txt --verbose=1
/usr/bin/cc  -DCHECK_FUNCTION_EXISTS=pthread_create    -rdynamic CMakeFiles/cmTC_b0630.dir/CheckFunctionExists.c.o  -o cmTC_b0630  -lpthreads 
/usr/bin/ld: 找不到 -lpthreads
collect2: error: ld returned 1 exit status
make[1]: *** [CMakeFiles/cmTC_b0630.dir/build.make:87：cmTC_b0630] 错误 1
make[1]: 离开目录“/home/zjh/gym-gazebo/gym_gazebo/envs/installation/catkin_ws/build/CMakeFiles/CMakeTmp”
make: *** [Makefile:121：cmTC_b0630/fast] 错误 2



Determining if the include file pgm.h exists failed with the following output:
Change Dir: /home/zjh/gym-gazebo/gym_gazebo/envs/installation/catkin_ws/build/CMakeFiles/CMakeTmp

Run Build Command(s):/usr/bin/make cmTC_6095a/fast && /usr/bin/make -f CMakeFiles/cmTC_6095a.dir/build.make CMakeFiles/cmTC_6095a.dir/build
make[1]: 进入目录“/home/zjh/gym-gazebo/gym_gazebo/envs/installation/catkin_ws/build/CMakeFiles/CMakeTmp”
Building CXX object CMakeFiles/cmTC_6095a.dir/CheckIncludeFile.cxx.o
/usr/bin/c++    -std=c++11 -O3    -o CMakeFiles/cmTC_6095a.dir/CheckIncludeFile.cxx.o -c /home/zjh/gym-gazebo/gym_gazebo/envs/installation/catkin_ws/build/CMakeFiles/CMakeTmp/CheckIncludeFile.cxx
/home/zjh/gym-gazebo/gym_gazebo/envs/installation/catkin_ws/build/CMakeFiles/CMakeTmp/CheckIncludeFile.cxx:1:10: fatal error: pgm.h: 没有那个文件或目录
    1 | #include <pgm.h>
      |          ^~~~~~~
compilation terminated.
make[1]: *** [CMakeFiles/cmTC_6095a.dir/build.make:66：CMakeFiles/cmTC_6095a.dir/CheckIncludeFile.cxx.o] 错误 1
make[1]: 离开目录“/home/zjh/gym-gazebo/gym_gazebo/envs/installation/catkin_ws/build/CMakeFiles/CMakeTmp”
make: *** [Makefile:121：cmTC_6095a/fast] 错误 2



